<?xml version="1.0" encoding="UTF-8"?>
<testsuite xmlns:xsi="http://www.w3.org/2001/XMLSchema-instance" xsi:noNamespaceSchemaLocation="https://maven.apache.org/surefire/maven-surefire-plugin/xsd/surefire-test-report-3.0.xsd" version="3.0" name="TestSuite" time="185.477" tests="40" errors="0" skipped="0" failures="0">
  <properties>
    <property name="java.specification.version" value="17"/>
    <property name="sun.cpu.isalist" value="amd64"/>
    <property name="sun.jnu.encoding" value="Cp1252"/>
    <property name="sun.awt.enableExtraMouseButtons" value="true"/>
    <property name="java.class.path" value="C:\Users\2303846\eclipse-workspace\HackthonProject\target\test-classes;C:\Users\2303846\eclipse-workspace\HackthonProject\target\classes;C:\Users\2303846\.m2\repository\org\apache\logging\log4j\log4j-core\2.23.0\log4j-core-2.23.0.jar;C:\Users\2303846\.m2\repository\org\apache\logging\log4j\log4j-api\2.23.0\log4j-api-2.23.0.jar;C:\Users\2303846\.m2\repository\org\seleniumhq\selenium\selenium-java\4.17.0\selenium-java-4.17.0.jar;C:\Users\2303846\.m2\repository\org\seleniumhq\selenium\selenium-api\4.17.0\selenium-api-4.17.0.jar;C:\Users\2303846\.m2\repository\org\seleniumhq\selenium\selenium-chrome-driver\4.17.0\selenium-chrome-driver-4.17.0.jar;C:\Users\2303846\.m2\repository\com\google\auto\service\auto-service-annotations\1.1.1\auto-service-annotations-1.1.1.jar;C:\Users\2303846\.m2\repository\org\seleniumhq\selenium\selenium-chromium-driver\4.17.0\selenium-chromium-driver-4.17.0.jar;C:\Users\2303846\.m2\repository\org\seleniumhq\selenium\selenium-json\4.17.0\selenium-json-4.17.0.jar;C:\Users\2303846\.m2\repository\org\seleniumhq\selenium\selenium-manager\4.17.0\selenium-manager-4.17.0.jar;C:\Users\2303846\.m2\repository\org\seleniumhq\selenium\selenium-devtools-v119\4.17.0\selenium-devtools-v119-4.17.0.jar;C:\Users\2303846\.m2\repository\org\seleniumhq\selenium\selenium-devtools-v120\4.17.0\selenium-devtools-v120-4.17.0.jar;C:\Users\2303846\.m2\repository\org\seleniumhq\selenium\selenium-devtools-v121\4.17.0\selenium-devtools-v121-4.17.0.jar;C:\Users\2303846\.m2\repository\org\seleniumhq\selenium\selenium-devtools-v85\4.17.0\selenium-devtools-v85-4.17.0.jar;C:\Users\2303846\.m2\repository\org\seleniumhq\selenium\selenium-edge-driver\4.17.0\selenium-edge-driver-4.17.0.jar;C:\Users\2303846\.m2\repository\org\seleniumhq\selenium\selenium-firefox-driver\4.17.0\selenium-firefox-driver-4.17.0.jar;C:\Users\2303846\.m2\repository\org\seleniumhq\selenium\selenium-http\4.17.0\selenium-http-4.17.0.jar;C:\Users\2303846\.m2\repository\dev\failsafe\failsafe\3.3.2\failsafe-3.3.2.jar;C:\Users\2303846\.m2\repository\org\seleniumhq\selenium\selenium-ie-driver\4.17.0\selenium-ie-driver-4.17.0.jar;C:\Users\2303846\.m2\repository\org\seleniumhq\selenium\selenium-remote-driver\4.17.0\selenium-remote-driver-4.17.0.jar;C:\Users\2303846\.m2\repository\com\google\guava\guava\33.0.0-jre\guava-33.0.0-jre.jar;C:\Users\2303846\.m2\repository\com\google\guava\failureaccess\1.0.2\failureaccess-1.0.2.jar;C:\Users\2303846\.m2\repository\com\google\guava\listenablefuture\9999.0-empty-to-avoid-conflict-with-guava\listenablefuture-9999.0-empty-to-avoid-conflict-with-guava.jar;C:\Users\2303846\.m2\repository\com\google\code\findbugs\jsr305\3.0.2\jsr305-3.0.2.jar;C:\Users\2303846\.m2\repository\org\checkerframework\checker-qual\3.41.0\checker-qual-3.41.0.jar;C:\Users\2303846\.m2\repository\com\google\errorprone\error_prone_annotations\2.23.0\error_prone_annotations-2.23.0.jar;C:\Users\2303846\.m2\repository\com\google\j2objc\j2objc-annotations\2.8\j2objc-annotations-2.8.jar;C:\Users\2303846\.m2\repository\io\opentelemetry\semconv\opentelemetry-semconv\1.23.1-alpha\opentelemetry-semconv-1.23.1-alpha.jar;C:\Users\2303846\.m2\repository\io\opentelemetry\opentelemetry-api\1.34.1\opentelemetry-api-1.34.1.jar;C:\Users\2303846\.m2\repository\io\opentelemetry\opentelemetry-context\1.34.1\opentelemetry-context-1.34.1.jar;C:\Users\2303846\.m2\repository\io\opentelemetry\opentelemetry-exporter-logging\1.34.1\opentelemetry-exporter-logging-1.34.1.jar;C:\Users\2303846\.m2\repository\io\opentelemetry\opentelemetry-sdk-common\1.34.1\opentelemetry-sdk-common-1.34.1.jar;C:\Users\2303846\.m2\repository\io\opentelemetry\opentelemetry-sdk-extension-autoconfigure-spi\1.34.1\opentelemetry-sdk-extension-autoconfigure-spi-1.34.1.jar;C:\Users\2303846\.m2\repository\io\opentelemetry\opentelemetry-sdk-extension-autoconfigure\1.34.1\opentelemetry-sdk-extension-autoconfigure-1.34.1.jar;C:\Users\2303846\.m2\repository\io\opentelemetry\opentelemetry-api-events\1.34.1-alpha\opentelemetry-api-events-1.34.1-alpha.jar;C:\Users\2303846\.m2\repository\io\opentelemetry\opentelemetry-sdk-trace\1.34.1\opentelemetry-sdk-trace-1.34.1.jar;C:\Users\2303846\.m2\repository\io\opentelemetry\opentelemetry-sdk\1.34.1\opentelemetry-sdk-1.34.1.jar;C:\Users\2303846\.m2\repository\io\opentelemetry\opentelemetry-sdk-metrics\1.34.1\opentelemetry-sdk-metrics-1.34.1.jar;C:\Users\2303846\.m2\repository\io\opentelemetry\opentelemetry-extension-incubator\1.34.1-alpha\opentelemetry-extension-incubator-1.34.1-alpha.jar;C:\Users\2303846\.m2\repository\io\opentelemetry\opentelemetry-sdk-logs\1.34.1\opentelemetry-sdk-logs-1.34.1.jar;C:\Users\2303846\.m2\repository\net\bytebuddy\byte-buddy\1.14.11\byte-buddy-1.14.11.jar;C:\Users\2303846\.m2\repository\org\seleniumhq\selenium\selenium-os\4.17.0\selenium-os-4.17.0.jar;C:\Users\2303846\.m2\repository\org\apache\commons\commons-exec\1.3\commons-exec-1.3.jar;C:\Users\2303846\.m2\repository\org\seleniumhq\selenium\selenium-safari-driver\4.17.0\selenium-safari-driver-4.17.0.jar;C:\Users\2303846\.m2\repository\org\seleniumhq\selenium\selenium-support\4.17.0\selenium-support-4.17.0.jar;C:\Users\2303846\.m2\repository\org\testng\testng\7.9.0\testng-7.9.0.jar;C:\Users\2303846\.m2\repository\org\slf4j\slf4j-api\1.7.36\slf4j-api-1.7.36.jar;C:\Users\2303846\.m2\repository\com\beust\jcommander\1.82\jcommander-1.82.jar;C:\Users\2303846\.m2\repository\org\webjars\jquery\3.7.1\jquery-3.7.1.jar;C:\Users\2303846\.m2\repository\org\apache\poi\poi\5.2.4\poi-5.2.4.jar;C:\Users\2303846\.m2\repository\commons-codec\commons-codec\1.16.0\commons-codec-1.16.0.jar;C:\Users\2303846\.m2\repository\org\apache\commons\commons-collections4\4.4\commons-collections4-4.4.jar;C:\Users\2303846\.m2\repository\org\apache\commons\commons-math3\3.6.1\commons-math3-3.6.1.jar;C:\Users\2303846\.m2\repository\com\zaxxer\SparseBitSet\1.3\SparseBitSet-1.3.jar;C:\Users\2303846\.m2\repository\org\apache\poi\poi-ooxml\5.2.4\poi-ooxml-5.2.4.jar;C:\Users\2303846\.m2\repository\org\apache\poi\poi-ooxml-lite\5.2.4\poi-ooxml-lite-5.2.4.jar;C:\Users\2303846\.m2\repository\org\apache\xmlbeans\xmlbeans\5.1.1\xmlbeans-5.1.1.jar;C:\Users\2303846\.m2\repository\org\apache\commons\commons-compress\1.24.0\commons-compress-1.24.0.jar;C:\Users\2303846\.m2\repository\com\github\virtuald\curvesapi\1.08\curvesapi-1.08.jar;C:\Users\2303846\.m2\repository\com\aventstack\extentreports\5.1.0\extentreports-5.1.0.jar;C:\Users\2303846\.m2\repository\io\reactivex\rxjava3\rxjava\3.1.6\rxjava-3.1.6.jar;C:\Users\2303846\.m2\repository\org\reactivestreams\reactive-streams\1.0.4\reactive-streams-1.0.4.jar;C:\Users\2303846\.m2\repository\org\freemarker\freemarker\2.3.32\freemarker-2.3.32.jar;C:\Users\2303846\.m2\repository\org\projectlombok\lombok\1.18.26\lombok-1.18.26.jar;C:\Users\2303846\.m2\repository\com\google\code\gson\gson\2.10.1\gson-2.10.1.jar;C:\Users\2303846\.m2\repository\commons-io\commons-io\2.15.1\commons-io-2.15.1.jar;C:\Users\2303846\.m2\repository\io\cucumber\cucumber-java\7.15.0\cucumber-java-7.15.0.jar;C:\Users\2303846\.m2\repository\io\cucumber\cucumber-core\7.15.0\cucumber-core-7.15.0.jar;C:\Users\2303846\.m2\repository\io\cucumber\cucumber-gherkin\7.15.0\cucumber-gherkin-7.15.0.jar;C:\Users\2303846\.m2\repository\io\cucumber\cucumber-gherkin-messages\7.15.0\cucumber-gherkin-messages-7.15.0.jar;C:\Users\2303846\.m2\repository\io\cucumber\gherkin\26.2.0\gherkin-26.2.0.jar;C:\Users\2303846\.m2\repository\io\cucumber\messages\22.0.0\messages-22.0.0.jar;C:\Users\2303846\.m2\repository\io\cucumber\tag-expressions\6.0.0\tag-expressions-6.0.0.jar;C:\Users\2303846\.m2\repository\io\cucumber\cucumber-expressions\17.0.1\cucumber-expressions-17.0.1.jar;C:\Users\2303846\.m2\repository\io\cucumber\datatable\7.15.0\datatable-7.15.0.jar;C:\Users\2303846\.m2\repository\io\cucumber\cucumber-plugin\7.15.0\cucumber-plugin-7.15.0.jar;C:\Users\2303846\.m2\repository\io\cucumber\docstring\7.15.0\docstring-7.15.0.jar;C:\Users\2303846\.m2\repository\io\cucumber\html-formatter\20.4.0\html-formatter-20.4.0.jar;C:\Users\2303846\.m2\repository\io\cucumber\junit-xml-formatter\0.2.0\junit-xml-formatter-0.2.0.jar;C:\Users\2303846\.m2\repository\io\cucumber\ci-environment\10.0.0\ci-environment-10.0.0.jar;C:\Users\2303846\.m2\repository\org\apiguardian\apiguardian-api\1.1.2\apiguardian-api-1.1.2.jar;C:\Users\2303846\.m2\repository\io\cucumber\cucumber-junit\7.15.0\cucumber-junit-7.15.0.jar;C:\Users\2303846\.m2\repository\junit\junit\4.13.2\junit-4.13.2.jar;C:\Users\2303846\.m2\repository\org\hamcrest\hamcrest-core\1.3\hamcrest-core-1.3.jar;C:\Users\2303846\.m2\repository\tech\grasshopper\extentreports-cucumber7-adapter\1.14.0\extentreports-cucumber7-adapter-1.14.0.jar;C:\Users\2303846\.m2\repository\tech\grasshopper\extent-pdf-report\2.12.0\extent-pdf-report-2.12.0.jar;C:\Users\2303846\.m2\repository\tech\grasshopper\cucumber-pdf-report\2.14.0\cucumber-pdf-report-2.14.0.jar;C:\Users\2303846\.m2\repository\org\apache\pdfbox\pdfbox\2.0.26\pdfbox-2.0.26.jar;C:\Users\2303846\.m2\repository\org\apache\pdfbox\fontbox\2.0.26\fontbox-2.0.26.jar;C:\Users\2303846\.m2\repository\org\knowm\xchart\xchart\3.8.0\xchart-3.8.0.jar;C:\Users\2303846\.m2\repository\de\erichseifert\vectorgraphics2d\VectorGraphics2D\0.13\VectorGraphics2D-0.13.jar;C:\Users\2303846\.m2\repository\de\rototor\pdfbox\graphics2d\0.30\graphics2d-0.30.jar;C:\Users\2303846\.m2\repository\com\madgag\animated-gif-lib\1.4\animated-gif-lib-1.4.jar;C:\Users\2303846\.m2\repository\org\yaml\snakeyaml\2.0\snakeyaml-2.0.jar;C:\Users\2303846\.m2\repository\tech\grasshopper\table-layout\1.5.1\table-layout-1.5.1.jar;C:\Users\2303846\.m2\repository\tech\grasshopper\rest-assured-cucumber-pdf-report\1.5.0\rest-assured-cucumber-pdf-report-1.5.0.jar;C:\Users\2303846\.m2\repository\org\jsoup\jsoup\1.15.3\jsoup-1.15.3.jar;C:\Users\2303846\.m2\repository\com\aventstack\klov-reporter\5.1.0\klov-reporter-5.1.0.jar;C:\Users\2303846\.m2\repository\org\mongodb\mongodb-driver\3.6.4\mongodb-driver-3.6.4.jar;C:\Users\2303846\.m2\repository\org\mongodb\mongodb-driver-core\3.6.4\mongodb-driver-core-3.6.4.jar;C:\Users\2303846\.m2\repository\org\mongodb\bson\3.6.4\bson-3.6.4.jar;C:\Users\2303846\.m2\repository\org\apache\httpcomponents\httpclient\4.5.13\httpclient-4.5.13.jar;C:\Users\2303846\.m2\repository\org\apache\httpcomponents\httpcore\4.4.13\httpcore-4.4.13.jar;C:\Users\2303846\.m2\repository\commons-logging\commons-logging\1.2\commons-logging-1.2.jar;C:\Users\2303846\.m2\repository\org\apache\httpcomponents\httpmime\4.5.13\httpmime-4.5.13.jar;C:\Users\2303846\.m2\repository\tech\grasshopper\htmlextentreporter\1.1.0\htmlextentreporter-1.1.0.jar;C:\Users\2303846\.m2\repository\tech\grasshopper\extent-excel-report\1.4.0\extent-excel-report-1.4.0.jar;"/>
    <property name="java.vm.vendor" value="Eclipse Adoptium"/>
    <property name="sun.arch.data.model" value="64"/>
    <property name="user.variant" value=""/>
    <property name="java.vendor.url" value="https://adoptium.net/"/>
    <property name="user.timezone" value="Asia/Calcutta"/>
    <property name="os.name" value="Windows 11"/>
    <property name="java.vm.specification.version" value="17"/>
    <property name="sun.java.launcher" value="SUN_STANDARD"/>
    <property name="user.country" value="IN"/>
    <property name="sun.boot.library.path" value="C:\Users\2303846\.p2\pool\plugins\org.eclipse.justj.openjdk.hotspot.jre.full.win32.x86_64_17.0.9.v20231028-0858\jre\bin"/>
    <property name="sun.java.command" value="C:\Users\2303846\AppData\Local\Temp\1\surefire6910832655163167529\surefirebooter-20240311100007510_3.jar C:\Users\2303846\AppData\Local\Temp\1\surefire6910832655163167529 2024-03-11T10-00-06_782-jvmRun1 surefire-20240311100007510_1tmp surefire_0-20240311100007510_2tmp"/>
    <property name="jdk.debug" value="release"/>
    <property name="surefire.test.class.path" value="C:\Users\2303846\eclipse-workspace\HackthonProject\target\test-classes;C:\Users\2303846\eclipse-workspace\HackthonProject\target\classes;C:\Users\2303846\.m2\repository\org\apache\logging\log4j\log4j-core\2.23.0\log4j-core-2.23.0.jar;C:\Users\2303846\.m2\repository\org\apache\logging\log4j\log4j-api\2.23.0\log4j-api-2.23.0.jar;C:\Users\2303846\.m2\repository\org\seleniumhq\selenium\selenium-java\4.17.0\selenium-java-4.17.0.jar;C:\Users\2303846\.m2\repository\org\seleniumhq\selenium\selenium-api\4.17.0\selenium-api-4.17.0.jar;C:\Users\2303846\.m2\repository\org\seleniumhq\selenium\selenium-chrome-driver\4.17.0\selenium-chrome-driver-4.17.0.jar;C:\Users\2303846\.m2\repository\com\google\auto\service\auto-service-annotations\1.1.1\auto-service-annotations-1.1.1.jar;C:\Users\2303846\.m2\repository\org\seleniumhq\selenium\selenium-chromium-driver\4.17.0\selenium-chromium-driver-4.17.0.jar;C:\Users\2303846\.m2\repository\org\seleniumhq\selenium\selenium-json\4.17.0\selenium-json-4.17.0.jar;C:\Users\2303846\.m2\repository\org\seleniumhq\selenium\selenium-manager\4.17.0\selenium-manager-4.17.0.jar;C:\Users\2303846\.m2\repository\org\seleniumhq\selenium\selenium-devtools-v119\4.17.0\selenium-devtools-v119-4.17.0.jar;C:\Users\2303846\.m2\repository\org\seleniumhq\selenium\selenium-devtools-v120\4.17.0\selenium-devtools-v120-4.17.0.jar;C:\Users\2303846\.m2\repository\org\seleniumhq\selenium\selenium-devtools-v121\4.17.0\selenium-devtools-v121-4.17.0.jar;C:\Users\2303846\.m2\repository\org\seleniumhq\selenium\selenium-devtools-v85\4.17.0\selenium-devtools-v85-4.17.0.jar;C:\Users\2303846\.m2\repository\org\seleniumhq\selenium\selenium-edge-driver\4.17.0\selenium-edge-driver-4.17.0.jar;C:\Users\2303846\.m2\repository\org\seleniumhq\selenium\selenium-firefox-driver\4.17.0\selenium-firefox-driver-4.17.0.jar;C:\Users\2303846\.m2\repository\org\seleniumhq\selenium\selenium-http\4.17.0\selenium-http-4.17.0.jar;C:\Users\2303846\.m2\repository\dev\failsafe\failsafe\3.3.2\failsafe-3.3.2.jar;C:\Users\2303846\.m2\repository\org\seleniumhq\selenium\selenium-ie-driver\4.17.0\selenium-ie-driver-4.17.0.jar;C:\Users\2303846\.m2\repository\org\seleniumhq\selenium\selenium-remote-driver\4.17.0\selenium-remote-driver-4.17.0.jar;C:\Users\2303846\.m2\repository\com\google\guava\guava\33.0.0-jre\guava-33.0.0-jre.jar;C:\Users\2303846\.m2\repository\com\google\guava\failureaccess\1.0.2\failureaccess-1.0.2.jar;C:\Users\2303846\.m2\repository\com\google\guava\listenablefuture\9999.0-empty-to-avoid-conflict-with-guava\listenablefuture-9999.0-empty-to-avoid-conflict-with-guava.jar;C:\Users\2303846\.m2\repository\com\google\code\findbugs\jsr305\3.0.2\jsr305-3.0.2.jar;C:\Users\2303846\.m2\repository\org\checkerframework\checker-qual\3.41.0\checker-qual-3.41.0.jar;C:\Users\2303846\.m2\repository\com\google\errorprone\error_prone_annotations\2.23.0\error_prone_annotations-2.23.0.jar;C:\Users\2303846\.m2\repository\com\google\j2objc\j2objc-annotations\2.8\j2objc-annotations-2.8.jar;C:\Users\2303846\.m2\repository\io\opentelemetry\semconv\opentelemetry-semconv\1.23.1-alpha\opentelemetry-semconv-1.23.1-alpha.jar;C:\Users\2303846\.m2\repository\io\opentelemetry\opentelemetry-api\1.34.1\opentelemetry-api-1.34.1.jar;C:\Users\2303846\.m2\repository\io\opentelemetry\opentelemetry-context\1.34.1\opentelemetry-context-1.34.1.jar;C:\Users\2303846\.m2\repository\io\opentelemetry\opentelemetry-exporter-logging\1.34.1\opentelemetry-exporter-logging-1.34.1.jar;C:\Users\2303846\.m2\repository\io\opentelemetry\opentelemetry-sdk-common\1.34.1\opentelemetry-sdk-common-1.34.1.jar;C:\Users\2303846\.m2\repository\io\opentelemetry\opentelemetry-sdk-extension-autoconfigure-spi\1.34.1\opentelemetry-sdk-extension-autoconfigure-spi-1.34.1.jar;C:\Users\2303846\.m2\repository\io\opentelemetry\opentelemetry-sdk-extension-autoconfigure\1.34.1\opentelemetry-sdk-extension-autoconfigure-1.34.1.jar;C:\Users\2303846\.m2\repository\io\opentelemetry\opentelemetry-api-events\1.34.1-alpha\opentelemetry-api-events-1.34.1-alpha.jar;C:\Users\2303846\.m2\repository\io\opentelemetry\opentelemetry-sdk-trace\1.34.1\opentelemetry-sdk-trace-1.34.1.jar;C:\Users\2303846\.m2\repository\io\opentelemetry\opentelemetry-sdk\1.34.1\opentelemetry-sdk-1.34.1.jar;C:\Users\2303846\.m2\repository\io\opentelemetry\opentelemetry-sdk-metrics\1.34.1\opentelemetry-sdk-metrics-1.34.1.jar;C:\Users\2303846\.m2\repository\io\opentelemetry\opentelemetry-extension-incubator\1.34.1-alpha\opentelemetry-extension-incubator-1.34.1-alpha.jar;C:\Users\2303846\.m2\repository\io\opentelemetry\opentelemetry-sdk-logs\1.34.1\opentelemetry-sdk-logs-1.34.1.jar;C:\Users\2303846\.m2\repository\net\bytebuddy\byte-buddy\1.14.11\byte-buddy-1.14.11.jar;C:\Users\2303846\.m2\repository\org\seleniumhq\selenium\selenium-os\4.17.0\selenium-os-4.17.0.jar;C:\Users\2303846\.m2\repository\org\apache\commons\commons-exec\1.3\commons-exec-1.3.jar;C:\Users\2303846\.m2\repository\org\seleniumhq\selenium\selenium-safari-driver\4.17.0\selenium-safari-driver-4.17.0.jar;C:\Users\2303846\.m2\repository\org\seleniumhq\selenium\selenium-support\4.17.0\selenium-support-4.17.0.jar;C:\Users\2303846\.m2\repository\org\testng\testng\7.9.0\testng-7.9.0.jar;C:\Users\2303846\.m2\repository\org\slf4j\slf4j-api\1.7.36\slf4j-api-1.7.36.jar;C:\Users\2303846\.m2\repository\com\beust\jcommander\1.82\jcommander-1.82.jar;C:\Users\2303846\.m2\repository\org\webjars\jquery\3.7.1\jquery-3.7.1.jar;C:\Users\2303846\.m2\repository\org\apache\poi\poi\5.2.4\poi-5.2.4.jar;C:\Users\2303846\.m2\repository\commons-codec\commons-codec\1.16.0\commons-codec-1.16.0.jar;C:\Users\2303846\.m2\repository\org\apache\commons\commons-collections4\4.4\commons-collections4-4.4.jar;C:\Users\2303846\.m2\repository\org\apache\commons\commons-math3\3.6.1\commons-math3-3.6.1.jar;C:\Users\2303846\.m2\repository\com\zaxxer\SparseBitSet\1.3\SparseBitSet-1.3.jar;C:\Users\2303846\.m2\repository\org\apache\poi\poi-ooxml\5.2.4\poi-ooxml-5.2.4.jar;C:\Users\2303846\.m2\repository\org\apache\poi\poi-ooxml-lite\5.2.4\poi-ooxml-lite-5.2.4.jar;C:\Users\2303846\.m2\repository\org\apache\xmlbeans\xmlbeans\5.1.1\xmlbeans-5.1.1.jar;C:\Users\2303846\.m2\repository\org\apache\commons\commons-compress\1.24.0\commons-compress-1.24.0.jar;C:\Users\2303846\.m2\repository\com\github\virtuald\curvesapi\1.08\curvesapi-1.08.jar;C:\Users\2303846\.m2\repository\com\aventstack\extentreports\5.1.0\extentreports-5.1.0.jar;C:\Users\2303846\.m2\repository\io\reactivex\rxjava3\rxjava\3.1.6\rxjava-3.1.6.jar;C:\Users\2303846\.m2\repository\org\reactivestreams\reactive-streams\1.0.4\reactive-streams-1.0.4.jar;C:\Users\2303846\.m2\repository\org\freemarker\freemarker\2.3.32\freemarker-2.3.32.jar;C:\Users\2303846\.m2\repository\org\projectlombok\lombok\1.18.26\lombok-1.18.26.jar;C:\Users\2303846\.m2\repository\com\google\code\gson\gson\2.10.1\gson-2.10.1.jar;C:\Users\2303846\.m2\repository\commons-io\commons-io\2.15.1\commons-io-2.15.1.jar;C:\Users\2303846\.m2\repository\io\cucumber\cucumber-java\7.15.0\cucumber-java-7.15.0.jar;C:\Users\2303846\.m2\repository\io\cucumber\cucumber-core\7.15.0\cucumber-core-7.15.0.jar;C:\Users\2303846\.m2\repository\io\cucumber\cucumber-gherkin\7.15.0\cucumber-gherkin-7.15.0.jar;C:\Users\2303846\.m2\repository\io\cucumber\cucumber-gherkin-messages\7.15.0\cucumber-gherkin-messages-7.15.0.jar;C:\Users\2303846\.m2\repository\io\cucumber\gherkin\26.2.0\gherkin-26.2.0.jar;C:\Users\2303846\.m2\repository\io\cucumber\messages\22.0.0\messages-22.0.0.jar;C:\Users\2303846\.m2\repository\io\cucumber\tag-expressions\6.0.0\tag-expressions-6.0.0.jar;C:\Users\2303846\.m2\repository\io\cucumber\cucumber-expressions\17.0.1\cucumber-expressions-17.0.1.jar;C:\Users\2303846\.m2\repository\io\cucumber\datatable\7.15.0\datatable-7.15.0.jar;C:\Users\2303846\.m2\repository\io\cucumber\cucumber-plugin\7.15.0\cucumber-plugin-7.15.0.jar;C:\Users\2303846\.m2\repository\io\cucumber\docstring\7.15.0\docstring-7.15.0.jar;C:\Users\2303846\.m2\repository\io\cucumber\html-formatter\20.4.0\html-formatter-20.4.0.jar;C:\Users\2303846\.m2\repository\io\cucumber\junit-xml-formatter\0.2.0\junit-xml-formatter-0.2.0.jar;C:\Users\2303846\.m2\repository\io\cucumber\ci-environment\10.0.0\ci-environment-10.0.0.jar;C:\Users\2303846\.m2\repository\org\apiguardian\apiguardian-api\1.1.2\apiguardian-api-1.1.2.jar;C:\Users\2303846\.m2\repository\io\cucumber\cucumber-junit\7.15.0\cucumber-junit-7.15.0.jar;C:\Users\2303846\.m2\repository\junit\junit\4.13.2\junit-4.13.2.jar;C:\Users\2303846\.m2\repository\org\hamcrest\hamcrest-core\1.3\hamcrest-core-1.3.jar;C:\Users\2303846\.m2\repository\tech\grasshopper\extentreports-cucumber7-adapter\1.14.0\extentreports-cucumber7-adapter-1.14.0.jar;C:\Users\2303846\.m2\repository\tech\grasshopper\extent-pdf-report\2.12.0\extent-pdf-report-2.12.0.jar;C:\Users\2303846\.m2\repository\tech\grasshopper\cucumber-pdf-report\2.14.0\cucumber-pdf-report-2.14.0.jar;C:\Users\2303846\.m2\repository\org\apache\pdfbox\pdfbox\2.0.26\pdfbox-2.0.26.jar;C:\Users\2303846\.m2\repository\org\apache\pdfbox\fontbox\2.0.26\fontbox-2.0.26.jar;C:\Users\2303846\.m2\repository\org\knowm\xchart\xchart\3.8.0\xchart-3.8.0.jar;C:\Users\2303846\.m2\repository\de\erichseifert\vectorgraphics2d\VectorGraphics2D\0.13\VectorGraphics2D-0.13.jar;C:\Users\2303846\.m2\repository\de\rototor\pdfbox\graphics2d\0.30\graphics2d-0.30.jar;C:\Users\2303846\.m2\repository\com\madgag\animated-gif-lib\1.4\animated-gif-lib-1.4.jar;C:\Users\2303846\.m2\repository\org\yaml\snakeyaml\2.0\snakeyaml-2.0.jar;C:\Users\2303846\.m2\repository\tech\grasshopper\table-layout\1.5.1\table-layout-1.5.1.jar;C:\Users\2303846\.m2\repository\tech\grasshopper\rest-assured-cucumber-pdf-report\1.5.0\rest-assured-cucumber-pdf-report-1.5.0.jar;C:\Users\2303846\.m2\repository\org\jsoup\jsoup\1.15.3\jsoup-1.15.3.jar;C:\Users\2303846\.m2\repository\com\aventstack\klov-reporter\5.1.0\klov-reporter-5.1.0.jar;C:\Users\2303846\.m2\repository\org\mongodb\mongodb-driver\3.6.4\mongodb-driver-3.6.4.jar;C:\Users\2303846\.m2\repository\org\mongodb\mongodb-driver-core\3.6.4\mongodb-driver-core-3.6.4.jar;C:\Users\2303846\.m2\repository\org\mongodb\bson\3.6.4\bson-3.6.4.jar;C:\Users\2303846\.m2\repository\org\apache\httpcomponents\httpclient\4.5.13\httpclient-4.5.13.jar;C:\Users\2303846\.m2\repository\org\apache\httpcomponents\httpcore\4.4.13\httpcore-4.4.13.jar;C:\Users\2303846\.m2\repository\commons-logging\commons-logging\1.2\commons-logging-1.2.jar;C:\Users\2303846\.m2\repository\org\apache\httpcomponents\httpmime\4.5.13\httpmime-4.5.13.jar;C:\Users\2303846\.m2\repository\tech\grasshopper\htmlextentreporter\1.1.0\htmlextentreporter-1.1.0.jar;C:\Users\2303846\.m2\repository\tech\grasshopper\extent-excel-report\1.4.0\extent-excel-report-1.4.0.jar;"/>
    <property name="sun.cpu.endian" value="little"/>
    <property name="user.home" value="C:\Users\2303846"/>
    <property name="user.language" value="en"/>
    <property name="java.specification.vendor" value="Oracle Corporation"/>
    <property name="java.version.date" value="2023-10-17"/>
    <property name="java.home" value="C:\Users\2303846\.p2\pool\plugins\org.eclipse.justj.openjdk.hotspot.jre.full.win32.x86_64_17.0.9.v20231028-0858\jre"/>
    <property name="file.separator" value="\"/>
    <property name="basedir" value="C:\Users\2303846\eclipse-workspace\HackthonProject"/>
    <property name="java.vm.compressedOopsMode" value="32-bit"/>
    <property name="line.separator" value="&#10;"/>
    <property name="java.vm.specification.vendor" value="Oracle Corporation"/>
    <property name="java.specification.name" value="Java Platform API Specification"/>
    <property name="surefire.real.class.path" value="C:\Users\2303846\AppData\Local\Temp\1\surefire6910832655163167529\surefirebooter-20240311100007510_3.jar"/>
    <property name="user.script" value=""/>
    <property name="sun.management.compiler" value="HotSpot 64-Bit Tiered Compilers"/>
    <property name="java.runtime.version" value="17.0.9+9"/>
    <property name="user.name" value="2303846"/>
    <property name="path.separator" value=";"/>
    <property name="os.version" value="10.0"/>
    <property name="java.runtime.name" value="OpenJDK Runtime Environment"/>
    <property name="file.encoding" value="Cp1252"/>
    <property name="java.vm.name" value="OpenJDK 64-Bit Server VM"/>
    <property name="java.vendor.version" value="Temurin-17.0.9+9"/>
    <property name="localRepository" value="C:\Users\2303846\.m2\repository"/>
    <property name="java.vendor.url.bug" value="https://github.com/adoptium/adoptium-support/issues"/>
    <property name="java.io.tmpdir" value="C:\Users\2303846\AppData\Local\Temp\1\"/>
    <property name="java.version" value="17.0.9"/>
    <property name="user.dir" value="C:\Users\2303846\eclipse-workspace\HackthonProject"/>
    <property name="os.arch" value="amd64"/>
    <property name="java.vm.specification.name" value="Java Virtual Machine Specification"/>
    <property name="sun.os.patch.level" value=""/>
    <property name="native.encoding" value="Cp1252"/>
    <property name="java.library.path" value="C:\Users\2303846\.p2\pool\plugins\org.eclipse.justj.openjdk.hotspot.jre.full.win32.x86_64_17.0.9.v20231028-0858\jre\bin;C:\Windows\Sun\Java\bin;C:\Windows\system32;C:\Windows;C:/Users/2303846/.p2/pool/plugins/org.eclipse.justj.openjdk.hotspot.jre.full.win32.x86_64_17.0.9.v20231028-0858/jre/bin/server;C:/Users/2303846/.p2/pool/plugins/org.eclipse.justj.openjdk.hotspot.jre.full.win32.x86_64_17.0.9.v20231028-0858/jre/bin;C:\Program Files\Zulu\zulu-17\bin\;C:\Windows\system32;C:\Windows;C:\Windows\System32\Wbem;C:\Windows\System32\WindowsPowerShell\v1.0\;C:\Windows\System32\OpenSSH\;C:\Program Files\Git\cmd;C:\Users\2303846\OneDrive - Cognizant\Desktop\apache-maven-3.9.6\bin;C:\Users\2303846\AppData\Local\Microsoft\WindowsApps;;C:\Users\2303846\OneDrive - Cognizant\Desktop;;."/>
    <property name="java.vm.info" value="mixed mode"/>
    <property name="java.vendor" value="Eclipse Adoptium"/>
    <property name="java.vm.version" value="17.0.9+9"/>
    <property name="sun.io.unicode.encoding" value="UnicodeLittle"/>
    <property name="java.class.version" value="61.0"/>
  </properties>
  <testcase name="verifyValidCarWebPage" classname="testCases.Test_001" time="1.02">
    <system-out><![CDATA[10:00:28.784 [main] INFO  testCases.Test_001 - *****Test_001 Has Started*****
10:00:28.993 [main] INFO  testCases.Test_001 - Validation of WebPage Title is done
]]></system-out>
    <system-err><![CDATA[SLF4J: Failed to load class "org.slf4j.impl.StaticLoggerBinder".
SLF4J: Defaulting to no-operation (NOP) logger implementation
SLF4J: See http://www.slf4j.org/codes.html#StaticLoggerBinder for further details.
]]></system-err>
  </testcase>
  <testcase name="verifyValidCarWebPage" classname="testCases.Test_001" time="1.103">
    <system-out><![CDATA[10:02:04.943 [main] INFO  testCases.Test_001 - *****Test_001 Has Started*****
10:02:05.119 [main] INFO  testCases.Test_001 - Validation of WebPage Title is done
]]></system-out>
    <system-err><![CDATA[Mar 11, 2024 10:01:56 AM org.openqa.selenium.devtools.CdpVersionFinder findNearestMatch
WARNING: Unable to find an exact match for CDP version 122, returning the closest version; found: 121; Please update to a Selenium version that supports CDP version 122
]]></system-err>
  </testcase>
  <testcase name="dataFillingInCarLoan" classname="testCases.Test_001" time="4.064">
    <system-out><![CDATA[10:00:29.786 [main] INFO  testCases.Test_001 - Filling of data on car loan Window Started
10:00:32.107 [main] INFO  testCases.Test_001 - Filling of data on car loan Window Done
10:00:32.538 [main] INFO  testCases.Test_001 - Printing one month principle and interest Started
Principle amount for one month: ₹ 1,19,650
Interest amount for one month: ₹ 11,875
10:00:33.428 [main] INFO  testCases.Test_001 - Printing one month principle and interest Done
]]></system-out>
  </testcase>
  <testcase name="dataFillingInCarLoan" classname="testCases.Test_001" time="4.736">
    <system-out><![CDATA[10:02:06.049 [main] INFO  testCases.Test_001 - Filling of data on car loan Window Started
10:02:08.669 [main] INFO  testCases.Test_001 - Filling of data on car loan Window Done
10:02:09.113 [main] INFO  testCases.Test_001 - Printing one month principle and interest Started
Principle amount for one month: ₹ 1,19,650
Interest amount for one month: ₹ 11,875
10:02:10.390 [main] INFO  testCases.Test_001 - Printing one month principle and interest Done
]]></system-out>
  </testcase>
  <testcase name="verifyValidHomeWebPage" classname="testCases.Test_001" time="2.418">
    <system-out><![CDATA[10:00:33.853 [main] INFO  testCases.Test_001 - Navigation of Home Loan Emi Calculator page Started
10:00:35.546 [main] INFO  testCases.Test_001 - Navigation of Home Loan Emi Calculator page Done
10:00:35.546 [main] INFO  testCases.Test_001 - Validation of web page title started
10:00:35.573 [main] INFO  testCases.Test_001 - Validation of web page title done
]]></system-out>
  </testcase>
  <testcase name="verifyValidHomeWebPage" classname="testCases.Test_001" time="3.032">
    <system-out><![CDATA[10:02:10.786 [main] INFO  testCases.Test_001 - Navigation of Home Loan Emi Calculator page Started
10:02:12.988 [main] INFO  testCases.Test_001 - Navigation of Home Loan Emi Calculator page Done
10:02:12.988 [main] INFO  testCases.Test_001 - Validation of web page title started
10:02:13.010 [main] INFO  testCases.Test_001 - Validation of web page title done
]]></system-out>
  </testcase>
  <testcase name="uiHomeLoanEmiCalculator" classname="testCases.Test_001" time="1.772">
    <system-out><![CDATA[10:00:36.314 [main] INFO  testCases.Test_001 - User Interface Checking on Home Loan Emi Calculator Started
10:00:37.269 [main] INFO  testCases.Test_001 - User Interface Checking on Home Loan Emi Calculator Done
]]></system-out>
  </testcase>
  <testcase name="uiHomeLoanEmiCalculator" classname="testCases.Test_001" time="1.675">
    <system-out><![CDATA[10:02:13.822 [main] INFO  testCases.Test_001 - User Interface Checking on Home Loan Emi Calculator Started
10:02:14.794 [main] INFO  testCases.Test_001 - User Interface Checking on Home Loan Emi Calculator Done
]]></system-out>
  </testcase>
  <testcase name="uiHomeOwnerExpenses" classname="testCases.Test_001" time="1.717">
    <system-out><![CDATA[10:00:38.047 [main] INFO  testCases.Test_001 - User Interface Checking on Home owner expenses Started
10:00:39.033 [main] INFO  testCases.Test_001 - User Interface Checking on Home owner expenses Done
]]></system-out>
  </testcase>
  <testcase name="uiHomeOwnerExpenses" classname="testCases.Test_001" time="1.743">
    <system-out><![CDATA[10:02:15.496 [main] INFO  testCases.Test_001 - User Interface Checking on Home owner expenses Started
10:02:16.510 [main] INFO  testCases.Test_001 - User Interface Checking on Home owner expenses Done
]]></system-out>
  </testcase>
  <testcase name="dataFillingInHomeLoan" classname="testCases.Test_001" time="30.442">
    <system-out><![CDATA[10:00:39.766 [main] INFO  testCases.Test_001 - Filling Data on Home Loan Emi Calculator Started
10:01:09.655 [main] INFO  testCases.Test_001 - Filling Data on Home Loan Emi Calculator Done
]]></system-out>
  </testcase>
  <testcase name="dataFillingInHomeLoan" classname="testCases.Test_001" time="29.083">
    <system-out><![CDATA[10:02:17.240 [main] INFO  testCases.Test_001 - Filling Data on Home Loan Emi Calculator Started
10:02:45.740 [main] INFO  testCases.Test_001 - Filling Data on Home Loan Emi Calculator Done
]]></system-out>
  </testcase>
  <testcase name="verifyValidLoanWebPage" classname="testCases.Test_001" time="2.729">
    <system-out><![CDATA[10:01:12.158 [main] INFO  testCases.Test_001 - Validation of web page title started
10:01:12.180 [main] INFO  testCases.Test_001 - Validation of WebPage Title is done
]]></system-out>
  </testcase>
  <testcase name="verifyValidLoanWebPage" classname="testCases.Test_001" time="2.78">
    <system-out><![CDATA[10:02:48.356 [main] INFO  testCases.Test_001 - Validation of web page title started
10:02:48.382 [main] INFO  testCases.Test_001 - Validation of WebPage Title is done
]]></system-out>
  </testcase>
  <testcase name="ecLoanAmount" classname="testCases.Test_001" time="1.5">
    <system-out><![CDATA[10:01:12.949 [main] INFO  testCases.Test_001 - Validation of Emi Calculator Started
EMI Calculator
Loan Amount: 1,91,00,000
]]></system-out>
  </testcase>
  <testcase name="ecLoanAmount" classname="testCases.Test_001" time="1.273">
    <system-out><![CDATA[10:02:49.106 [main] INFO  testCases.Test_001 - Validation of Emi Calculator Started
EMI Calculator
Loan Amount: 1,91,00,000
]]></system-out>
  </testcase>
  <testcase name="ecInterest" classname="testCases.Test_001" time="1.443">
    <system-out><![CDATA[Interest Rate: 14.75
]]></system-out>
  </testcase>
  <testcase name="ecInterest" classname="testCases.Test_001" time="1.299">
    <system-out><![CDATA[Interest Rate: 14.75
]]></system-out>
  </testcase>
  <testcase name="ecLoanTenure" classname="testCases.Test_001" time="2.17">
    <system-out><![CDATA[10:01:15.887 [main] INFO  testCases.Test_001 - Changing the Loan Tenure for year and month in Emi Calculator Started
Loan Tenure for year: 21
Loan Tenure for month: 348
10:01:17.408 [main] INFO  testCases.Test_001 - Changing the Loan Tenure for year and month in Emi Calculator Done
]]></system-out>
  </testcase>
  <testcase name="ecLoanTenure" classname="testCases.Test_001" time="2.191">
    <system-out><![CDATA[10:02:51.681 [main] INFO  testCases.Test_001 - Changing the Loan Tenure for year and month in Emi Calculator Started
Loan Tenure for year: 21
Loan Tenure for month: 348
10:02:53.143 [main] INFO  testCases.Test_001 - Changing the Loan Tenure for year and month in Emi Calculator Done
]]></system-out>
  </testcase>
  <testcase name="ecFeesAndCharge" classname="testCases.Test_001" time="1.126">
    <system-out><![CDATA[Fees&Charges: 36,000
10:01:18.668 [main] INFO  testCases.Test_001 - Validation of Emi Calculator Started
]]></system-out>
  </testcase>
  <testcase name="ecFeesAndCharge" classname="testCases.Test_001" time="1.462">
    <system-out><![CDATA[Fees&Charges: 36,000
10:02:54.671 [main] INFO  testCases.Test_001 - Validation of Emi Calculator Started
]]></system-out>
  </testcase>
  <testcase name="verifyValidLoanAmountCalculator" classname="testCases.Test_001" time="0.785">
    <system-out><![CDATA[10:01:19.187 [main] INFO  testCases.Test_001 - Validation of Loan Amount Calculator Started
]]></system-out>
  </testcase>
  <testcase name="verifyValidLoanAmountCalculator" classname="testCases.Test_001" time="1.196">
    <system-out><![CDATA[10:02:55.338 [main] INFO  testCases.Test_001 - Validation of Loan Amount Calculator Started
]]></system-out>
  </testcase>
  <testcase name="lacEmi" classname="testCases.Test_001" time="1.071">
    <system-out><![CDATA[Loan Amount Calculator
EMI: 99,999.99
]]></system-out>
  </testcase>
  <testcase name="lacEmi" classname="testCases.Test_001" time="1.686">
    <system-out><![CDATA[Loan Amount Calculator
EMI: 99,999.99
]]></system-out>
  </testcase>
  <testcase name="lacInterest" classname="testCases.Test_001" time="1.084">
    <system-out><![CDATA[Interest Rate: 13.5
]]></system-out>
  </testcase>
  <testcase name="lacInterest" classname="testCases.Test_001" time="1.591">
    <system-out><![CDATA[Interest Rate: 13.5
]]></system-out>
  </testcase>
  <testcase name="lacLoanTenure" classname="testCases.Test_001" time="1.797">
    <system-out><![CDATA[10:01:22.131 [main] INFO  testCases.Test_001 - Changing the Loan Tenure for year and month in Loan amount Calculator Started
Loan Tenure for year: 342
Loan Tenure for month: 336
10:01:23.413 [main] INFO  testCases.Test_001 - Changing the Loan Tenure for year and month in Loan amount Calculator Done
]]></system-out>
  </testcase>
  <testcase name="lacLoanTenure" classname="testCases.Test_001" time="2.3">
    <system-out><![CDATA[10:02:59.817 [main] INFO  testCases.Test_001 - Changing the Loan Tenure for year and month in Loan amount Calculator Started
Loan Tenure for year: 342
Loan Tenure for month: 336
10:03:01.557 [main] INFO  testCases.Test_001 - Changing the Loan Tenure for year and month in Loan amount Calculator Done
]]></system-out>
  </testcase>
  <testcase name="lacFeesAndCharge" classname="testCases.Test_001" time="1.423">
    <system-out><![CDATA[Fees&Charges: 33,500
10:01:24.704 [main] INFO  testCases.Test_001 - Validation of Loan Amount Calculator Done
]]></system-out>
  </testcase>
  <testcase name="lacFeesAndCharge" classname="testCases.Test_001" time="1.407">
    <system-out><![CDATA[Fees&Charges: 33,500
10:03:02.802 [main] INFO  testCases.Test_001 - Validation of Loan Amount Calculator Done
]]></system-out>
  </testcase>
  <testcase name="verifyValidLoanTenureCalculator" classname="testCases.Test_001" time="0.861">
    <system-out><![CDATA[10:01:25.356 [main] INFO  testCases.Test_001 - Validation of Loan Tenure Calculator Started
]]></system-out>
  </testcase>
  <testcase name="verifyValidLoanTenureCalculator" classname="testCases.Test_001" time="1.043">
    <system-out><![CDATA[10:03:03.526 [main] INFO  testCases.Test_001 - Validation of Loan Tenure Calculator Started
]]></system-out>
  </testcase>
  <testcase name="ltcLoanAmount" classname="testCases.Test_001" time="1.078">
    <system-out><![CDATA[Loan Tenure Calculator
Loan Amount: 1,67,00,000
]]></system-out>
  </testcase>
  <testcase name="ltcLoanAmount" classname="testCases.Test_001" time="1.449">
    <system-out><![CDATA[Loan Tenure Calculator
Loan Amount: 1,67,00,000
]]></system-out>
  </testcase>
  <testcase name="ltcEmiAndInterest" classname="testCases.Test_001" time="1.674">
    <system-out><![CDATA[EMI: 1,91,283.83
Interest Rate: 9.75
]]></system-out>
  </testcase>
  <testcase name="ltcEmiAndInterest" classname="testCases.Test_001" time="1.868">
    <system-out><![CDATA[EMI: 1,91,283.83
Interest Rate: 9.75
]]></system-out>
  </testcase>
  <testcase name="ltcFees" classname="testCases.Test_001" time="1.184">
    <system-out><![CDATA[Fees&Charges: 24,500
10:01:29.555 [main] INFO  testCases.Test_001 - Validation of Loan Tenure Calculator Done
10:01:29.852 [main] INFO  testCases.Test_001 - *****Test_001 Has Finished*****
]]></system-out>
  </testcase>
  <testcase name="ltcFees" classname="testCases.Test_001" time="1.128">
    <system-out><![CDATA[Fees&Charges: 24,500
10:03:08.440 [main] INFO  testCases.Test_001 - Validation of Loan Tenure Calculator Done
10:03:08.749 [main] INFO  testCases.Test_001 - *****Test_001 Has Finished*****
]]></system-out>
  </testcase>
</testsuite>