<?xml version="1.0" encoding="UTF-8"?>
<!-- Generated by org.testng.reporters.JUnitReportReporter -->
<testsuite hostname="LTIN189892" failures="0" tests="40" name="testCases.Test_001" time="112.219" errors="0" timestamp="2024-03-11T10:03:15 IST" skipped="0">
  <testcase classname="testCases.Test_001" name="verifyValidCarWebPage" time="0.559"/>
  <testcase classname="testCases.Test_001" name="verifyValidCarWebPage" time="0.677"/>
  <testcase classname="testCases.Test_001" name="dataFillingInCarLoan" time="4.342"/>
  <testcase classname="testCases.Test_001" name="dataFillingInCarLoan" time="3.644"/>
  <testcase classname="testCases.Test_001" name="verifyValidHomeWebPage" time="2.653"/>
  <testcase classname="testCases.Test_001" name="verifyValidHomeWebPage" time="2.092"/>
  <testcase classname="testCases.Test_001" name="uiHomeLoanEmiCalculator" time="1.429"/>
  <testcase classname="testCases.Test_001" name="uiHomeLoanEmiCalculator" time="1.356"/>
  <testcase classname="testCases.Test_001" name="uiHomeOwnerExpenses" time="1.354"/>
  <testcase classname="testCases.Test_001" name="uiHomeOwnerExpenses" time="1.420"/>
  <testcase classname="testCases.Test_001" name="dataFillingInHomeLoan" time="30.155"/>
  <testcase classname="testCases.Test_001" name="dataFillingInHomeLoan" time="28.829"/>
  <testcase classname="testCases.Test_001" name="verifyValidLoanWebPage" time="2.310"/>
  <testcase classname="testCases.Test_001" name="verifyValidLoanWebPage" time="2.418"/>
  <testcase classname="testCases.Test_001" name="ecLoanAmount" time="0.930"/>
  <testcase classname="testCases.Test_001" name="ecLoanAmount" time="1.078"/>
  <testcase classname="testCases.Test_001" name="ecInterest" time="1.048"/>
  <testcase classname="testCases.Test_001" name="ecInterest" time="0.933"/>
  <testcase classname="testCases.Test_001" name="ecLoanTenure" time="1.849"/>
  <testcase classname="testCases.Test_001" name="ecLoanTenure" time="1.826"/>
  <testcase classname="testCases.Test_001" name="ecFeesAndCharge" time="0.892"/>
  <testcase classname="testCases.Test_001" name="ecFeesAndCharge" time="1.140"/>
  <testcase classname="testCases.Test_001" name="verifyValidLoanAmountCalculator" time="0.826"/>
  <testcase classname="testCases.Test_001" name="verifyValidLoanAmountCalculator" time="0.558"/>
  <testcase classname="testCases.Test_001" name="lacEmi" time="1.308"/>
  <testcase classname="testCases.Test_001" name="lacEmi" time="0.820"/>
  <testcase classname="testCases.Test_001" name="lacInterest" time="0.822"/>
  <testcase classname="testCases.Test_001" name="lacInterest" time="1.159"/>
  <testcase classname="testCases.Test_001" name="lacLoanTenure" time="2.034"/>
  <testcase classname="testCases.Test_001" name="lacLoanTenure" time="1.538"/>
  <testcase classname="testCases.Test_001" name="lacFeesAndCharge" time="1.110"/>
  <testcase classname="testCases.Test_001" name="lacFeesAndCharge" time="1.035"/>
  <testcase classname="testCases.Test_001" name="verifyValidLoanTenureCalculator" time="0.631"/>
  <testcase classname="testCases.Test_001" name="verifyValidLoanTenureCalculator" time="0.775"/>
  <testcase classname="testCases.Test_001" name="ltcLoanAmount" time="0.842"/>
  <testcase classname="testCases.Test_001" name="ltcLoanAmount" time="1.111"/>
  <testcase classname="testCases.Test_001" name="ltcEmiAndInterest" time="1.403"/>
  <testcase classname="testCases.Test_001" name="ltcEmiAndInterest" time="1.572"/>
  <testcase classname="testCases.Test_001" name="ltcFees" time="0.881"/>
  <testcase classname="testCases.Test_001" name="ltcFees" time="0.860"/>
</testsuite> <!-- testCases.Test_001 -->
